{
  "RSpec": {
    "coverage": {
      "/home/stellar-system-4040/tic-tac-toe-rb-ruby-intro-000/lib/tic_tac_toe.rb": [
        1,
        0,
        0,
        null,
        null,
        1,
        19,
        19,
        19,
        null,
        null,
        1,
        20,
        20,
        20,
        20,
        20,
        null,
        null,
        null,
        1,
        140,
        null,
        null,
        null,
        null,
        null,
        null,
        1,
        null,
        null,
        null,
        null,
        null,
        null,
        null,
        null,
        1,
        1,
        1,
        null,
        0,
        null,
        null,
        null,
        null,
        1,
        null,
        36,
        36,
        null,
        null,
        1,
        null,
        37,
        null,
        null,
        1,
        18,
        18,
        null,
        null,
        null,
        null,
        1,
        15,
        15,
        15,
        15,
        1,
        1,
        1,
        null,
        15,
        15,
        null,
        null,
        1,
        2,
        2,
        18,
        5,
        null,
        null,
        2,
        null,
        null,
        1,
        12,
        13,
        null,
        null,
        null,
        1,
        39,
        245,
        null,
        null,
        null,
        null,
        null,
        1,
        20,
        99,
        null,
        null,
        null,
        null,
        1,
        19,
        null,
        null,
        null,
        1,
        17,
        4,
        13,
        5,
        8,
        1,
        null,
        7,
        null,
        null,
        null,
        null,
        1,
        3,
        null,
        2,
        2,
        null,
        null
      ]
    },
    "timestamp": 1601312387
  }
}
