{
  "RSpec": {
    "coverage": {
      "/home/stellar-system-4040/tic-tac-toe-rb-ruby-intro-000/lib/tic_tac_toe.rb": [
        1,
        3,
        3,
        null,
        null,
        1,
        16,
        16,
        16,
        null,
        null,
        1,
        5,
        5,
        5,
        5,
        5,
        null,
        null,
        null,
        1,
        77,
        null,
        null,
        null,
        null,
        null,
        null,
        1,
        null,
        null,
        null,
        null,
        null,
        null,
        null,
        null,
        1,
        12,
        0,
        0,
        0,
        null,
        0,
        0,
        null,
        null,
        null,
        null,
        1,
        null,
        12,
        12,
        null,
        null,
        1,
        null,
        13,
        null,
        null,
        1,
        11,
        0,
        0,
        null,
        null,
        null,
        null,
        null,
        1,
        12,
        12,
        9,
        9,
        1,
        1,
        1,
        null,
        9,
        0,
        null,
        null,
        1,
        1,
        1,
        9,
        3,
        null,
        null,
        1,
        null,
        null,
        1,
        12,
        7,
        null,
        null,
        null,
        1,
        29,
        179,
        null,
        null,
        null,
        null,
        null,
        1,
        16,
        88,
        null,
        null,
        null,
        null,
        1,
        15,
        null,
        null,
        null,
        1,
        11,
        3,
        8,
        3,
        5,
        1,
        null,
        4,
        null,
        null,
        null,
        null,
        1,
        3,
        null,
        2,
        2,
        null,
        null
      ]
    },
    "timestamp": 1601315328
  }
}
